
> template@1.0.0 start /home/prisma/jobenable/borderline
> nodemon --exec babel-node --presets es2015 ./bin/www

[33m[nodemon] 1.18.4[39m
[33m[nodemon] to restart at any time, enter `rs`[39m
[33m[nodemon] watching: *.*[39m
[32m[nodemon] starting `babel-node --presets es2015 ./bin/www`[39m
events.js:183
      throw er; // Unhandled 'error' event
      ^

Error: EBADF: bad file descriptor, read
npm ERR! code ELIFECYCLE
npm ERR! errno 1
npm ERR! template@1.0.0 start: `nodemon --exec babel-node --presets es2015 ./bin/www`
npm ERR! Exit status 1
npm ERR! 
npm ERR! Failed at the template@1.0.0 start script.
npm ERR! This is probably not a problem with npm. There is likely additional logging output above.

npm ERR! A complete log of this run can be found in:
npm ERR!     /home/prisma/.npm/_logs/2018-10-04T17_32_44_546Z-debug.log
Thu, 04 Oct 2018 17:32:45 GMT sequelize deprecated String based operators are now deprecated. Please use Symbol based operators for better security, read more at http://docs.sequelizejs.com/manual/tutorial/querying.html#operators at node_modules/sequelize/lib/sequelize.js:236:13
thesupersecrecodegoeshere
Port 8000 is already in use
